[debug] [2024-10-04T23:40:28.294Z] ----------------------------------------------------------------------
[debug] [2024-10-04T23:40:28.297Z] Command:       C:\Program Files\nodejs\node.exe C:\Users\TEDDY COMPUTER\AppData\Roaming\npm\node_modules\firebase-tools\lib\bin\firebase.js emulators:start --only functions
[debug] [2024-10-04T23:40:28.298Z] CLI Version:   13.20.2
[debug] [2024-10-04T23:40:28.298Z] Platform:      win32
[debug] [2024-10-04T23:40:28.298Z] Node Version:  v22.1.0
[debug] [2024-10-04T23:40:28.298Z] Time:          Fri Oct 04 2024 15:40:28 GMT-0800 (GMT-08:00)
[debug] [2024-10-04T23:40:28.298Z] ----------------------------------------------------------------------
[debug] 
[debug] [2024-10-04T23:40:28.544Z] > command requires scopes: ["email","openid","https://www.googleapis.com/auth/cloudplatformprojects.readonly","https://www.googleapis.com/auth/firebase","https://www.googleapis.com/auth/cloud-platform"]
[debug] [2024-10-04T23:40:28.546Z] > authorizing via signed-in user (gashawsissay@gmail.com)
[info] i  emulators: Starting emulators: functions {"metadata":{"emulator":{"name":"hub"},"message":"Starting emulators: functions"}}
[debug] [2024-10-04T23:40:28.579Z] [logging] Logging Emulator only supports listening on one address (127.0.0.1). Not listening on ::1
[warn] !  ui: Emulator UI unable to start on port 4000, starting on 4003 instead. {"metadata":{"emulator":{"name":"ui"},"message":"Emulator UI unable to start on port 4000, starting on 4003 instead."}}
[debug] [2024-10-04T23:40:28.585Z] assigned listening specs for emulators {"user":{"hub":[{"address":"127.0.0.1","family":"IPv4","port":4400},{"address":"::1","family":"IPv6","port":4400}],"logging":[{"address":"127.0.0.1","family":"IPv4","port":4500}],"ui":[{"address":"127.0.0.1","family":"IPv4","port":4003},{"address":"::1","family":"IPv6","port":4003}]},"metadata":{"message":"assigned listening specs for emulators"}}
[warn] !  emulators: It seems that you are running multiple instances of the emulator suite for project gashaw-183a2. This may result in unexpected behavior. 
[debug] [2024-10-04T23:40:28.617Z] [hub] writing locator at C:\Users\TEDDYC~1\AppData\Local\Temp\hub-gashaw-183a2.json
[debug] [2024-10-04T23:40:28.702Z] [functions] Functions Emulator only supports listening on one address (127.0.0.1). Not listening on ::1
[debug] [2024-10-04T23:40:28.702Z] [eventarc] Eventarc Emulator only supports listening on one address (127.0.0.1). Not listening on ::1
[debug] [2024-10-04T23:40:28.702Z] [tasks] Cloud Tasks Emulator only supports listening on one address (127.0.0.1). Not listening on ::1
[debug] [2024-10-04T23:40:28.702Z] late-assigned ports for functions and eventarc emulators {"user":{"hub":[{"address":"127.0.0.1","family":"IPv4","port":4400},{"address":"::1","family":"IPv6","port":4400}],"logging":[{"address":"127.0.0.1","family":"IPv4","port":4500}],"ui":[{"address":"127.0.0.1","family":"IPv4","port":4003},{"address":"::1","family":"IPv6","port":4003}],"functions":[{"address":"127.0.0.1","family":"IPv4","port":5001}],"eventarc":[{"address":"127.0.0.1","family":"IPv4","port":9299}],"tasks":[{"address":"127.0.0.1","family":"IPv4","port":9499}]},"metadata":{"message":"late-assigned ports for functions and eventarc emulators"}}
[warn] !  functions: The following emulators are not running, calls to these services from the Functions emulator will affect production: auth, firestore, database, hosting, pubsub, storage, dataconnect {"metadata":{"emulator":{"name":"functions"},"message":"The following emulators are not running, calls to these services from the Functions emulator will affect production: \u001b[1mauth, firestore, database, hosting, pubsub, storage, dataconnect\u001b[22m"}}
[debug] [2024-10-04T23:40:28.709Z] defaultcredentials: writing to file C:\Users\TEDDY COMPUTER\AppData\Roaming\firebase\gashawsissay_gmail_com_application_default_credentials.json
[debug] [2024-10-04T23:40:28.713Z] Setting GAC to C:\Users\TEDDY COMPUTER\AppData\Roaming\firebase\gashawsissay_gmail_com_application_default_credentials.json {"metadata":{"emulator":{"name":"functions"},"message":"Setting GAC to C:\\Users\\TEDDY COMPUTER\\AppData\\Roaming\\firebase\\gashawsissay_gmail_com_application_default_credentials.json"}}
[debug] [2024-10-04T23:40:28.715Z] Checked if tokens are valid: true, expires at: 1728088191864
[debug] [2024-10-04T23:40:28.715Z] Checked if tokens are valid: true, expires at: 1728088191864
[debug] [2024-10-04T23:40:28.717Z] >>> [apiv2][query] GET https://firebase.googleapis.com/v1beta1/projects/gashaw-183a2/adminSdkConfig [none]
[debug] [2024-10-04T23:40:29.462Z] <<< [apiv2][status] GET https://firebase.googleapis.com/v1beta1/projects/gashaw-183a2/adminSdkConfig 200
[debug] [2024-10-04T23:40:29.463Z] <<< [apiv2][body] GET https://firebase.googleapis.com/v1beta1/projects/gashaw-183a2/adminSdkConfig {"projectId":"gashaw-183a2","storageBucket":"gashaw-183a2.appspot.com"}
[debug] [2024-10-04T23:40:29.552Z] Ignoring unsupported arg: auto_download {"metadata":{"emulator":{"name":"ui"},"message":"Ignoring unsupported arg: auto_download"}}
[debug] [2024-10-04T23:40:29.553Z] Ignoring unsupported arg: port {"metadata":{"emulator":{"name":"ui"},"message":"Ignoring unsupported arg: port"}}
[debug] [2024-10-04T23:40:29.553Z] Starting Emulator UI with command {"binary":"node","args":["C:\\Users\\TEDDY COMPUTER\\.cache\\firebase\\emulators\\ui-v1.13.0\\server\\server.mjs"],"optionalArgs":[],"joinArgs":false,"shell":false,"port":4000} {"metadata":{"emulator":{"name":"ui"},"message":"Starting Emulator UI with command {\"binary\":\"node\",\"args\":[\"C:\\\\Users\\\\TEDDY COMPUTER\\\\.cache\\\\firebase\\\\emulators\\\\ui-v1.13.0\\\\server\\\\server.mjs\"],\"optionalArgs\":[],\"joinArgs\":false,\"shell\":false,\"port\":4000}"}}
[info] i  ui: Emulator UI logging to ui-debug.log {"metadata":{"emulator":{"name":"ui"},"message":"Emulator UI logging to \u001b[1mui-debug.log\u001b[22m"}}
[debug] [2024-10-04T23:40:29.876Z] Web / API server started at 127.0.0.1:4003
 {"metadata":{"emulator":{"name":"ui"},"message":"Web / API server started at 127.0.0.1:4003\n"}}
[debug] [2024-10-04T23:40:29.877Z] Web / API server started at ::1:4003
 {"metadata":{"emulator":{"name":"ui"},"message":"Web / API server started at ::1:4003\n"}}
[info] i  functions: Watching "C:\Users\TEDDY COMPUTER\Desktop\EVANDADII\PHASE -4\amazon-project\amazon-gashaw\gashaw_amazon\functions" for Cloud Functions... {"metadata":{"emulator":{"name":"functions"},"message":"Watching \"C:\\Users\\TEDDY COMPUTER\\Desktop\\EVANDADII\\PHASE -4\\amazon-project\\amazon-gashaw\\gashaw_amazon\\functions\" for Cloud Functions..."}}
[debug] [2024-10-04T23:40:30.100Z] Validating nodejs source
[debug] [2024-10-04T23:40:32.054Z] > [functions] package.json contents: {
  "name": "functions",
  "description": "Cloud Functions for Firebase",
  "scripts": {
    "serve": "firebase emulators:start --only functions",
    "shell": "firebase functions:shell",
    "start": "npm run shell",
    "deploy": "firebase deploy --only functions",
    "logs": "firebase functions:log"
  },
  "engines": {
    "node": "18"
  },
  "main": "index.js",
  "dependencies": {
    "cors": "^2.8.5",
    "dotenv": "^16.4.5",
    "express": "^4.21.0",
    "firebase-admin": "^12.1.0",
    "firebase-functions": "^6.0.1",
    "stripe": "^17.0.0"
  },
  "devDependencies": {
    "firebase-functions-test": "^3.1.0"
  },
  "private": true
}
[debug] [2024-10-04T23:40:32.054Z] Building nodejs source
[debug] [2024-10-04T23:40:32.055Z] Failed to find version of module node: reached end of search path C:\Users\TEDDY COMPUTER\Desktop\EVANDADII\PHASE -4\amazon-project\amazon-gashaw\gashaw_amazon\functions\node_modules
[warn] !  functions: Your requested "node" version "18" doesn't match your global version "22". Using node@22 from host. 
[info] i  functions: Loaded environment variables from .env. 
[debug] [2024-10-04T23:40:32.060Z] Could not find functions.yaml. Must use http discovery
[debug] [2024-10-04T23:40:32.071Z] Found firebase-functions binary at 'C:\Users\TEDDY COMPUTER\Desktop\EVANDADII\PHASE -4\amazon-project\amazon-gashaw\gashaw_amazon\functions\node_modules\.bin\firebase-functions'
[info] Serving at port 8670

[debug] [2024-10-04T23:40:33.025Z] Got response from /__/functions.yaml {"endpoints":{"api":{"availableMemoryMb":null,"timeoutSeconds":null,"minInstances":null,"maxInstances":null,"ingressSettings":null,"concurrency":null,"serviceAccountEmail":null,"vpc":null,"platform":"gcfv2","labels":{},"httpsTrigger":{},"entryPoint":"api"}},"specVersion":"v1alpha1","requiredAPIs":[],"extensions":{}}
[info] +  functions: Loaded functions definitions from source: api. {"metadata":{"emulator":{"name":"functions"},"message":"Loaded functions definitions from source: api."}}
[info] +  functions[us-central1-api]: http function initialized (http://127.0.0.1:5001/gashaw-183a2/us-central1/api). {"metadata":{"emulator":{"name":"functions"},"message":"\u001b[1mhttp\u001b[22m function initialized (http://127.0.0.1:5001/gashaw-183a2/us-central1/api)."}}
[debug] [2024-10-04T23:40:38.121Z] Could not find VSCode notification endpoint: FetchError: request to http://localhost:40001/vscode/notify failed, reason: 
[info] 
┌─────────────────────────────────────────────────────────────┐
│ ✔  All emulators ready! It is now safe to connect your app. │
│ i  View Emulator UI at http://127.0.0.1:4003/               │
└─────────────────────────────────────────────────────────────┘

┌───────────┬────────────────┬─────────────────────────────────┐
│ Emulator  │ Host:Port      │ View in Emulator UI             │
├───────────┼────────────────┼─────────────────────────────────┤
│ Functions │ 127.0.0.1:5001 │ http://127.0.0.1:4003/functions │
└───────────┴────────────────┴─────────────────────────────────┘
  Emulator Hub running at 127.0.0.1:4400
  Other reserved ports: 4500

Issues? Report them at https://github.com/firebase/firebase-tools/issues and attach the *-debug.log files.
 
[debug] [2024-10-04T23:42:23.570Z] [work-queue] {"queuedWork":["/gashaw-183a2/us-central1/api-2024-10-04T23:42:23.569Z"],"queueLength":1,"runningWork":[],"workRunningCount":0}
[debug] [2024-10-04T23:42:23.571Z] [work-queue] {"queuedWork":[],"queueLength":0,"runningWork":["/gashaw-183a2/us-central1/api-2024-10-04T23:42:23.569Z"],"workRunningCount":1}
[debug] [2024-10-04T23:42:23.574Z] Accepted request GET /gashaw-183a2/us-central1/api --> us-central1-api
[debug] [2024-10-04T23:42:23.586Z] [functions] Runtime ready! Sending request! {"metadata":{"emulator":{"name":"functions"},"message":"[functions] Runtime ready! Sending request!"}}
[debug] [2024-10-04T23:42:23.593Z] [functions] Got req.url=/gashaw-183a2/us-central1/api, mapping to path=/ {"metadata":{"emulator":{"name":"functions"},"message":"[functions] Got req.url=/gashaw-183a2/us-central1/api, mapping to path=/"}}
[info] i  functions: Loaded environment variables from .env. 
[debug] [2024-10-04T23:42:23.826Z] [worker-pool] addWorker(us-central1-api) {"metadata":{"emulator":{"name":"functions"},"message":"[worker-pool] addWorker(us-central1-api)"}}
[debug] [2024-10-04T23:42:23.831Z] [worker-pool] Adding worker with key us-central1-api, total=1 {"metadata":{"emulator":{"name":"functions"},"message":"[worker-pool] Adding worker with key us-central1-api, total=1"}}
[info] >  (node:16684) [DEP0040] DeprecationWarning: The `punycode` module is deprecated. Please use a userland alternative instead. {"user":"(node:16684) [DEP0040] DeprecationWarning: The `punycode` module is deprecated. Please use a userland alternative instead.","metadata":{"emulator":{"name":"functions"},"function":{"name":"us-central1-api"},"extension":{},"message":"\u001b[90m> \u001b[39m (node:16684) [DEP0040] DeprecationWarning: The `punycode` module is deprecated. Please use a userland alternative instead."}}
[info] >  (Use `node --trace-deprecation ...` to show where the warning was created) {"user":"(Use `node --trace-deprecation ...` to show where the warning was created)","metadata":{"emulator":{"name":"functions"},"function":{"name":"us-central1-api"},"extension":{},"message":"\u001b[90m> \u001b[39m (Use `node --trace-deprecation ...` to show where the warning was created)"}}
[debug] [2024-10-04T23:42:28.725Z] [runtime-status] [16684] Resolved module firebase-admin {"declared":true,"installed":true,"version":"12.6.0","resolution":"C:\\Users\\TEDDY COMPUTER\\Desktop\\EVANDADII\\PHASE -4\\amazon-project\\amazon-gashaw\\gashaw_amazon\\functions\\node_modules\\firebase-admin\\lib\\index.js"} {"metadata":{"emulator":{"name":"functions"},"function":{"name":"us-central1-api"},"extension":{},"message":"[runtime-status] [16684] Resolved module firebase-admin {\"declared\":true,\"installed\":true,\"version\":\"12.6.0\",\"resolution\":\"C:\\\\Users\\\\TEDDY COMPUTER\\\\Desktop\\\\EVANDADII\\\\PHASE -4\\\\amazon-project\\\\amazon-gashaw\\\\gashaw_amazon\\\\functions\\\\node_modules\\\\firebase-admin\\\\lib\\\\index.js\"}"}}
[debug] [2024-10-04T23:42:28.728Z] [runtime-status] [16684] Resolved module firebase-functions {"declared":true,"installed":true,"version":"6.0.1","resolution":"C:\\Users\\TEDDY COMPUTER\\Desktop\\EVANDADII\\PHASE -4\\amazon-project\\amazon-gashaw\\gashaw_amazon\\functions\\node_modules\\firebase-functions\\lib\\v2\\index.js"} {"metadata":{"emulator":{"name":"functions"},"function":{"name":"us-central1-api"},"extension":{},"message":"[runtime-status] [16684] Resolved module firebase-functions {\"declared\":true,\"installed\":true,\"version\":\"6.0.1\",\"resolution\":\"C:\\\\Users\\\\TEDDY COMPUTER\\\\Desktop\\\\EVANDADII\\\\PHASE -4\\\\amazon-project\\\\amazon-gashaw\\\\gashaw_amazon\\\\functions\\\\node_modules\\\\firebase-functions\\\\lib\\\\v2\\\\index.js\"}"}}
[debug] [2024-10-04T23:42:28.730Z] [runtime-status] [16684] Outgoing network have been stubbed. [{"name":"http","status":"mocked"},{"name":"http","status":"mocked"},{"name":"https","status":"mocked"},{"name":"https","status":"mocked"},{"name":"net","status":"mocked"}] {"metadata":{"emulator":{"name":"functions"},"function":{"name":"us-central1-api"},"extension":{},"message":"[runtime-status] [16684] Outgoing network have been stubbed. [{\"name\":\"http\",\"status\":\"mocked\"},{\"name\":\"http\",\"status\":\"mocked\"},{\"name\":\"https\",\"status\":\"mocked\"},{\"name\":\"https\",\"status\":\"mocked\"},{\"name\":\"net\",\"status\":\"mocked\"}]"}}
[debug] [2024-10-04T23:42:28.733Z] [runtime-status] [16684] Resolved module firebase-functions {"declared":true,"installed":true,"version":"6.0.1","resolution":"C:\\Users\\TEDDY COMPUTER\\Desktop\\EVANDADII\\PHASE -4\\amazon-project\\amazon-gashaw\\gashaw_amazon\\functions\\node_modules\\firebase-functions\\lib\\v2\\index.js"} {"metadata":{"emulator":{"name":"functions"},"function":{"name":"us-central1-api"},"extension":{},"message":"[runtime-status] [16684] Resolved module firebase-functions {\"declared\":true,\"installed\":true,\"version\":\"6.0.1\",\"resolution\":\"C:\\\\Users\\\\TEDDY COMPUTER\\\\Desktop\\\\EVANDADII\\\\PHASE -4\\\\amazon-project\\\\amazon-gashaw\\\\gashaw_amazon\\\\functions\\\\node_modules\\\\firebase-functions\\\\lib\\\\v2\\\\index.js\"}"}}
[debug] [2024-10-04T23:42:31.508Z] [runtime-status] [16684] Checked functions.config() {"config":{}} {"metadata":{"emulator":{"name":"functions"},"function":{"name":"us-central1-api"},"extension":{},"message":"[runtime-status] [16684] Checked functions.config() {\"config\":{}}"}}
[debug] [2024-10-04T23:42:31.508Z] [runtime-status] [16684] firebase-functions has been stubbed. {"functionsResolution":{"declared":true,"installed":true,"version":"6.0.1","resolution":"C:\\Users\\TEDDY COMPUTER\\Desktop\\EVANDADII\\PHASE -4\\amazon-project\\amazon-gashaw\\gashaw_amazon\\functions\\node_modules\\firebase-functions\\lib\\v2\\index.js"}} {"metadata":{"emulator":{"name":"functions"},"function":{"name":"us-central1-api"},"extension":{},"message":"[runtime-status] [16684] firebase-functions has been stubbed. {\"functionsResolution\":{\"declared\":true,\"installed\":true,\"version\":\"6.0.1\",\"resolution\":\"C:\\\\Users\\\\TEDDY COMPUTER\\\\Desktop\\\\EVANDADII\\\\PHASE -4\\\\amazon-project\\\\amazon-gashaw\\\\gashaw_amazon\\\\functions\\\\node_modules\\\\firebase-functions\\\\lib\\\\v2\\\\index.js\"}}"}}
[debug] [2024-10-04T23:42:31.514Z] [runtime-status] [16684] Resolved module firebase-functions {"declared":true,"installed":true,"version":"6.0.1","resolution":"C:\\Users\\TEDDY COMPUTER\\Desktop\\EVANDADII\\PHASE -4\\amazon-project\\amazon-gashaw\\gashaw_amazon\\functions\\node_modules\\firebase-functions\\lib\\v2\\index.js"} {"metadata":{"emulator":{"name":"functions"},"function":{"name":"us-central1-api"},"extension":{},"message":"[runtime-status] [16684] Resolved module firebase-functions {\"declared\":true,\"installed\":true,\"version\":\"6.0.1\",\"resolution\":\"C:\\\\Users\\\\TEDDY COMPUTER\\\\Desktop\\\\EVANDADII\\\\PHASE -4\\\\amazon-project\\\\amazon-gashaw\\\\gashaw_amazon\\\\functions\\\\node_modules\\\\firebase-functions\\\\lib\\\\v2\\\\index.js\"}"}}
[debug] [2024-10-04T23:42:31.541Z] [runtime-status] [16684] Resolved module firebase-admin {"declared":true,"installed":true,"version":"12.6.0","resolution":"C:\\Users\\TEDDY COMPUTER\\Desktop\\EVANDADII\\PHASE -4\\amazon-project\\amazon-gashaw\\gashaw_amazon\\functions\\node_modules\\firebase-admin\\lib\\index.js"} {"metadata":{"emulator":{"name":"functions"},"function":{"name":"us-central1-api"},"extension":{},"message":"[runtime-status] [16684] Resolved module firebase-admin {\"declared\":true,\"installed\":true,\"version\":\"12.6.0\",\"resolution\":\"C:\\\\Users\\\\TEDDY COMPUTER\\\\Desktop\\\\EVANDADII\\\\PHASE -4\\\\amazon-project\\\\amazon-gashaw\\\\gashaw_amazon\\\\functions\\\\node_modules\\\\firebase-admin\\\\lib\\\\index.js\"}"}}
[debug] [2024-10-04T23:42:31.581Z] [runtime-status] [16684] Resolved module firebase-functions {"declared":true,"installed":true,"version":"6.0.1","resolution":"C:\\Users\\TEDDY COMPUTER\\Desktop\\EVANDADII\\PHASE -4\\amazon-project\\amazon-gashaw\\gashaw_amazon\\functions\\node_modules\\firebase-functions\\lib\\v2\\index.js"} {"metadata":{"emulator":{"name":"functions"},"function":{"name":"us-central1-api"},"extension":{},"message":"[runtime-status] [16684] Resolved module firebase-functions {\"declared\":true,\"installed\":true,\"version\":\"6.0.1\",\"resolution\":\"C:\\\\Users\\\\TEDDY COMPUTER\\\\Desktop\\\\EVANDADII\\\\PHASE -4\\\\amazon-project\\\\amazon-gashaw\\\\gashaw_amazon\\\\functions\\\\node_modules\\\\firebase-functions\\\\lib\\\\v2\\\\index.js\"}"}}
[debug] [2024-10-04T23:42:31.582Z] [runtime-status] [16684] firebase-admin has been stubbed. {"adminResolution":{"declared":true,"installed":true,"version":"12.6.0","resolution":"C:\\Users\\TEDDY COMPUTER\\Desktop\\EVANDADII\\PHASE -4\\amazon-project\\amazon-gashaw\\gashaw_amazon\\functions\\node_modules\\firebase-admin\\lib\\index.js"}} {"metadata":{"emulator":{"name":"functions"},"function":{"name":"us-central1-api"},"extension":{},"message":"[runtime-status] [16684] firebase-admin has been stubbed. {\"adminResolution\":{\"declared\":true,\"installed\":true,\"version\":\"12.6.0\",\"resolution\":\"C:\\\\Users\\\\TEDDY COMPUTER\\\\Desktop\\\\EVANDADII\\\\PHASE -4\\\\amazon-project\\\\amazon-gashaw\\\\gashaw_amazon\\\\functions\\\\node_modules\\\\firebase-admin\\\\lib\\\\index.js\"}}"}}
[debug] [2024-10-04T23:42:32.157Z] [runtime-status] [16684] Functions runtime initialized. {"cwd":"C:\\Users\\TEDDY COMPUTER\\Desktop\\EVANDADII\\PHASE -4\\amazon-project\\amazon-gashaw\\gashaw_amazon\\functions","node_version":"22.1.0"} {"metadata":{"emulator":{"name":"functions"},"function":{"name":"us-central1-api"},"extension":{},"message":"[runtime-status] [16684] Functions runtime initialized. {\"cwd\":\"C:\\\\Users\\\\TEDDY COMPUTER\\\\Desktop\\\\EVANDADII\\\\PHASE -4\\\\amazon-project\\\\amazon-gashaw\\\\gashaw_amazon\\\\functions\",\"node_version\":\"22.1.0\"}"}}
[debug] [2024-10-04T23:42:32.162Z] [runtime-status] [16684] Listening to port: \\?\pipe\fire_emu_14a8d673ebcae2da {"metadata":{"emulator":{"name":"functions"},"function":{"name":"us-central1-api"},"extension":{},"message":"[runtime-status] [16684] Listening to port: \\\\?\\pipe\\fire_emu_14a8d673ebcae2da"}}
[debug] [2024-10-04T23:42:32.219Z] [worker-us-central1-api-98a01a4c-1ce2-4dfe-9a8f-ad5a5ef960d6]: IDLE {"metadata":{"emulator":{"name":"functions"},"function":{"name":"us-central1-api"},"extension":{},"message":"[worker-us-central1-api-98a01a4c-1ce2-4dfe-9a8f-ad5a5ef960d6]: IDLE"}}
[debug] [2024-10-04T23:42:32.220Z] [worker-pool] submitRequest(triggerId=us-central1-api) {"metadata":{"emulator":{"name":"functions"},"message":"[worker-pool] submitRequest(triggerId=us-central1-api)"}}
[info] i  functions: Beginning execution of "us-central1-api" {"metadata":{"emulator":{"name":"functions"},"function":{"name":"us-central1-api"},"extension":{},"message":"Beginning execution of \"us-central1-api\""}}
[debug] [2024-10-04T23:42:32.222Z] [worker-us-central1-api-98a01a4c-1ce2-4dfe-9a8f-ad5a5ef960d6]: BUSY {"metadata":{"emulator":{"name":"functions"},"function":{"name":"us-central1-api"},"extension":{},"message":"[worker-us-central1-api-98a01a4c-1ce2-4dfe-9a8f-ad5a5ef960d6]: BUSY"}}
[debug] [2024-10-04T23:42:32.257Z] Finishing up request with event=pause {"metadata":{"emulator":{"name":"functions"},"function":{"name":"us-central1-api"},"extension":{},"message":"Finishing up request with event=pause"}}
[info] i  functions: Finished "us-central1-api" in 34.7158ms {"metadata":{"emulator":{"name":"functions"},"function":{"name":"us-central1-api"},"extension":{},"message":"Finished \"us-central1-api\" in 34.7158ms"}}
[debug] [2024-10-04T23:42:32.260Z] [worker-us-central1-api-98a01a4c-1ce2-4dfe-9a8f-ad5a5ef960d6]: IDLE {"metadata":{"emulator":{"name":"functions"},"function":{"name":"us-central1-api"},"extension":{},"message":"[worker-us-central1-api-98a01a4c-1ce2-4dfe-9a8f-ad5a5ef960d6]: IDLE"}}
[debug] [2024-10-04T23:42:32.261Z] Finishing up request with event=finish {"metadata":{"emulator":{"name":"functions"},"function":{"name":"us-central1-api"},"extension":{},"message":"Finishing up request with event=finish"}}
[debug] [2024-10-04T23:42:32.262Z] Finishing up request with event=close {"metadata":{"emulator":{"name":"functions"},"function":{"name":"us-central1-api"},"extension":{},"message":"Finishing up request with event=close"}}
[debug] [2024-10-04T23:42:32.262Z] [work-queue] {"queuedWork":[],"queueLength":0,"runningWork":[],"workRunningCount":0}
[debug] [2024-10-04T23:42:32.476Z] Functions emulator received unknown request at path /favicon.ico
[debug] [2024-10-04T23:46:10.334Z] [work-queue] {"queuedWork":["/gashaw-183a2/us-central1/api-2024-10-04T23:46:10.334Z"],"queueLength":1,"runningWork":[],"workRunningCount":0}
[debug] [2024-10-04T23:46:10.335Z] [work-queue] {"queuedWork":[],"queueLength":0,"runningWork":["/gashaw-183a2/us-central1/api-2024-10-04T23:46:10.334Z"],"workRunningCount":1}
[debug] [2024-10-04T23:46:10.335Z] Accepted request GET /gashaw-183a2/us-central1/api --> us-central1-api
[debug] [2024-10-04T23:46:10.338Z] [functions] Runtime ready! Sending request! {"metadata":{"emulator":{"name":"functions"},"message":"[functions] Runtime ready! Sending request!"}}
[debug] [2024-10-04T23:46:10.339Z] [functions] Got req.url=/gashaw-183a2/us-central1/api, mapping to path=/ {"metadata":{"emulator":{"name":"functions"},"message":"[functions] Got req.url=/gashaw-183a2/us-central1/api, mapping to path=/"}}
[debug] [2024-10-04T23:46:10.339Z] [worker-pool] submitRequest(triggerId=us-central1-api) {"metadata":{"emulator":{"name":"functions"},"message":"[worker-pool] submitRequest(triggerId=us-central1-api)"}}
[info] i  functions: Beginning execution of "us-central1-api" {"metadata":{"emulator":{"name":"functions"},"function":{"name":"us-central1-api"},"extension":{},"message":"Beginning execution of \"us-central1-api\""}}
[debug] [2024-10-04T23:46:10.341Z] [worker-us-central1-api-98a01a4c-1ce2-4dfe-9a8f-ad5a5ef960d6]: BUSY {"metadata":{"emulator":{"name":"functions"},"function":{"name":"us-central1-api"},"extension":{},"message":"[worker-us-central1-api-98a01a4c-1ce2-4dfe-9a8f-ad5a5ef960d6]: BUSY"}}
[debug] [2024-10-04T23:46:10.348Z] Finishing up request with event=pause {"metadata":{"emulator":{"name":"functions"},"function":{"name":"us-central1-api"},"extension":{},"message":"Finishing up request with event=pause"}}
[info] i  functions: Finished "us-central1-api" in 7.4871ms {"metadata":{"emulator":{"name":"functions"},"function":{"name":"us-central1-api"},"extension":{},"message":"Finished \"us-central1-api\" in 7.4871ms"}}
[debug] [2024-10-04T23:46:10.349Z] [worker-us-central1-api-98a01a4c-1ce2-4dfe-9a8f-ad5a5ef960d6]: IDLE {"metadata":{"emulator":{"name":"functions"},"function":{"name":"us-central1-api"},"extension":{},"message":"[worker-us-central1-api-98a01a4c-1ce2-4dfe-9a8f-ad5a5ef960d6]: IDLE"}}
[debug] [2024-10-04T23:46:10.349Z] Finishing up request with event=finish {"metadata":{"emulator":{"name":"functions"},"function":{"name":"us-central1-api"},"extension":{},"message":"Finishing up request with event=finish"}}
[debug] [2024-10-04T23:46:10.350Z] Finishing up request with event=close {"metadata":{"emulator":{"name":"functions"},"function":{"name":"us-central1-api"},"extension":{},"message":"Finishing up request with event=close"}}
[debug] [2024-10-04T23:46:10.350Z] [work-queue] {"queuedWork":[],"queueLength":0,"runningWork":[],"workRunningCount":0}
[debug] [2024-10-04T23:50:02.624Z] [work-queue] {"queuedWork":["/gashaw-183a2/us-central1/api/payment/create-2024-10-04T23:50:02.624Z"],"queueLength":1,"runningWork":[],"workRunningCount":0}
[debug] [2024-10-04T23:50:02.626Z] [work-queue] {"queuedWork":[],"queueLength":0,"runningWork":["/gashaw-183a2/us-central1/api/payment/create-2024-10-04T23:50:02.624Z"],"workRunningCount":1}
[debug] [2024-10-04T23:50:02.626Z] Accepted request GET /gashaw-183a2/us-central1/api/payment/create --> us-central1-api
[debug] [2024-10-04T23:50:02.636Z] [functions] Runtime ready! Sending request! {"metadata":{"emulator":{"name":"functions"},"message":"[functions] Runtime ready! Sending request!"}}
[debug] [2024-10-04T23:50:02.636Z] [functions] Got req.url=/gashaw-183a2/us-central1/api/payment/create, mapping to path=/payment/create {"metadata":{"emulator":{"name":"functions"},"message":"[functions] Got req.url=/gashaw-183a2/us-central1/api/payment/create, mapping to path=/payment/create"}}
[debug] [2024-10-04T23:50:02.638Z] [worker-pool] submitRequest(triggerId=us-central1-api) {"metadata":{"emulator":{"name":"functions"},"message":"[worker-pool] submitRequest(triggerId=us-central1-api)"}}
[info] i  functions: Beginning execution of "us-central1-api" {"metadata":{"emulator":{"name":"functions"},"function":{"name":"us-central1-api"},"extension":{},"message":"Beginning execution of \"us-central1-api\""}}
[debug] [2024-10-04T23:50:02.644Z] [worker-us-central1-api-98a01a4c-1ce2-4dfe-9a8f-ad5a5ef960d6]: BUSY {"metadata":{"emulator":{"name":"functions"},"function":{"name":"us-central1-api"},"extension":{},"message":"[worker-us-central1-api-98a01a4c-1ce2-4dfe-9a8f-ad5a5ef960d6]: BUSY"}}
[debug] [2024-10-04T23:50:02.657Z] Finishing up request with event=pause {"metadata":{"emulator":{"name":"functions"},"function":{"name":"us-central1-api"},"extension":{},"message":"Finishing up request with event=pause"}}
[info] i  functions: Finished "us-central1-api" in 13.9308ms {"metadata":{"emulator":{"name":"functions"},"function":{"name":"us-central1-api"},"extension":{},"message":"Finished \"us-central1-api\" in 13.9308ms"}}
[debug] [2024-10-04T23:50:02.659Z] [worker-us-central1-api-98a01a4c-1ce2-4dfe-9a8f-ad5a5ef960d6]: IDLE {"metadata":{"emulator":{"name":"functions"},"function":{"name":"us-central1-api"},"extension":{},"message":"[worker-us-central1-api-98a01a4c-1ce2-4dfe-9a8f-ad5a5ef960d6]: IDLE"}}
[debug] [2024-10-04T23:50:02.659Z] Finishing up request with event=finish {"metadata":{"emulator":{"name":"functions"},"function":{"name":"us-central1-api"},"extension":{},"message":"Finishing up request with event=finish"}}
[debug] [2024-10-04T23:50:02.659Z] Finishing up request with event=close {"metadata":{"emulator":{"name":"functions"},"function":{"name":"us-central1-api"},"extension":{},"message":"Finishing up request with event=close"}}
[debug] [2024-10-04T23:50:02.660Z] [work-queue] {"queuedWork":[],"queueLength":0,"runningWork":[],"workRunningCount":0}
[debug] [2024-10-04T23:54:10.000Z] [work-queue] {"queuedWork":["/gashaw-183a2/us-central1/api/payment/create-2024-10-04T23:54:09.999Z"],"queueLength":1,"runningWork":[],"workRunningCount":0}
[debug] [2024-10-04T23:54:10.001Z] [work-queue] {"queuedWork":[],"queueLength":0,"runningWork":["/gashaw-183a2/us-central1/api/payment/create-2024-10-04T23:54:09.999Z"],"workRunningCount":1}
[debug] [2024-10-04T23:54:10.001Z] Accepted request POST /gashaw-183a2/us-central1/api/payment/create?total=300 --> us-central1-api
[debug] [2024-10-04T23:54:10.009Z] [functions] Runtime ready! Sending request! {"metadata":{"emulator":{"name":"functions"},"message":"[functions] Runtime ready! Sending request!"}}
[debug] [2024-10-04T23:54:10.010Z] [functions] Got req.url=/gashaw-183a2/us-central1/api/payment/create?total=300, mapping to path=/payment/create?total=300 {"metadata":{"emulator":{"name":"functions"},"message":"[functions] Got req.url=/gashaw-183a2/us-central1/api/payment/create?total=300, mapping to path=/payment/create?total=300"}}
[debug] [2024-10-04T23:54:10.010Z] [worker-pool] submitRequest(triggerId=us-central1-api) {"metadata":{"emulator":{"name":"functions"},"message":"[worker-pool] submitRequest(triggerId=us-central1-api)"}}
[info] i  functions: Beginning execution of "us-central1-api" {"metadata":{"emulator":{"name":"functions"},"function":{"name":"us-central1-api"},"extension":{},"message":"Beginning execution of \"us-central1-api\""}}
[debug] [2024-10-04T23:54:10.011Z] [worker-us-central1-api-98a01a4c-1ce2-4dfe-9a8f-ad5a5ef960d6]: BUSY {"metadata":{"emulator":{"name":"functions"},"function":{"name":"us-central1-api"},"extension":{},"message":"[worker-us-central1-api-98a01a4c-1ce2-4dfe-9a8f-ad5a5ef960d6]: BUSY"}}
[debug] [2024-10-04T23:54:11.431Z] Finishing up request with event=pause {"metadata":{"emulator":{"name":"functions"},"function":{"name":"us-central1-api"},"extension":{},"message":"Finishing up request with event=pause"}}
[info] i  functions: Finished "us-central1-api" in 1421.2663ms {"metadata":{"emulator":{"name":"functions"},"function":{"name":"us-central1-api"},"extension":{},"message":"Finished \"us-central1-api\" in 1421.2663ms"}}
[debug] [2024-10-04T23:54:11.434Z] [worker-us-central1-api-98a01a4c-1ce2-4dfe-9a8f-ad5a5ef960d6]: IDLE {"metadata":{"emulator":{"name":"functions"},"function":{"name":"us-central1-api"},"extension":{},"message":"[worker-us-central1-api-98a01a4c-1ce2-4dfe-9a8f-ad5a5ef960d6]: IDLE"}}
[debug] [2024-10-04T23:54:11.435Z] Finishing up request with event=finish {"metadata":{"emulator":{"name":"functions"},"function":{"name":"us-central1-api"},"extension":{},"message":"Finishing up request with event=finish"}}
[debug] [2024-10-04T23:54:11.437Z] Finishing up request with event=close {"metadata":{"emulator":{"name":"functions"},"function":{"name":"us-central1-api"},"extension":{},"message":"Finishing up request with event=close"}}
[debug] [2024-10-04T23:54:11.437Z] [work-queue] {"queuedWork":[],"queueLength":0,"runningWork":[],"workRunningCount":0}
[debug] [2024-10-05T12:23:10.244Z] ----------------------------------------------------------------------
[debug] [2024-10-05T12:23:10.260Z] Command:       C:\Program Files\nodejs\node.exe C:\Users\TEDDY COMPUTER\AppData\Roaming\npm\node_modules\firebase-tools\lib\bin\firebase.js emulators:start --only functions
[debug] [2024-10-05T12:23:10.263Z] CLI Version:   13.20.2
[debug] [2024-10-05T12:23:10.263Z] Platform:      win32
[debug] [2024-10-05T12:23:10.264Z] Node Version:  v22.1.0
[debug] [2024-10-05T12:23:10.266Z] Time:          Sat Oct 05 2024 04:23:10 GMT-0800 (GMT-08:00)
[debug] [2024-10-05T12:23:10.266Z] ----------------------------------------------------------------------
[debug] 
[debug] [2024-10-05T12:23:10.694Z] > command requires scopes: ["email","openid","https://www.googleapis.com/auth/cloudplatformprojects.readonly","https://www.googleapis.com/auth/firebase","https://www.googleapis.com/auth/cloud-platform"]
[debug] [2024-10-05T12:23:10.696Z] > authorizing via signed-in user (gashawsissay@gmail.com)
[info] i  emulators: Starting emulators: functions {"metadata":{"emulator":{"name":"hub"},"message":"Starting emulators: functions"}}
[debug] [2024-10-05T12:23:10.732Z] [logging] Logging Emulator only supports listening on one address (127.0.0.1). Not listening on ::1
[debug] [2024-10-05T12:23:10.732Z] assigned listening specs for emulators {"user":{"hub":[{"address":"127.0.0.1","family":"IPv4","port":4400},{"address":"::1","family":"IPv6","port":4400}],"ui":[{"address":"127.0.0.1","family":"IPv4","port":4000},{"address":"::1","family":"IPv6","port":4000}],"logging":[{"address":"127.0.0.1","family":"IPv4","port":4500}]},"metadata":{"message":"assigned listening specs for emulators"}}
[warn] !  emulators: It seems that you are running multiple instances of the emulator suite for project gashaw-183a2. This may result in unexpected behavior. 
[debug] [2024-10-05T12:23:10.758Z] [hub] writing locator at C:\Users\TEDDYC~1\AppData\Local\Temp\hub-gashaw-183a2.json
[debug] [2024-10-05T12:23:11.038Z] [functions] Functions Emulator only supports listening on one address (127.0.0.1). Not listening on ::1
[debug] [2024-10-05T12:23:11.039Z] [eventarc] Eventarc Emulator only supports listening on one address (127.0.0.1). Not listening on ::1
[debug] [2024-10-05T12:23:11.039Z] [tasks] Cloud Tasks Emulator only supports listening on one address (127.0.0.1). Not listening on ::1
[debug] [2024-10-05T12:23:11.040Z] late-assigned ports for functions and eventarc emulators {"user":{"hub":[{"address":"127.0.0.1","family":"IPv4","port":4400},{"address":"::1","family":"IPv6","port":4400}],"ui":[{"address":"127.0.0.1","family":"IPv4","port":4000},{"address":"::1","family":"IPv6","port":4000}],"logging":[{"address":"127.0.0.1","family":"IPv4","port":4500}],"functions":[{"address":"127.0.0.1","family":"IPv4","port":5001}],"eventarc":[{"address":"127.0.0.1","family":"IPv4","port":9299}],"tasks":[{"address":"127.0.0.1","family":"IPv4","port":9499}]},"metadata":{"message":"late-assigned ports for functions and eventarc emulators"}}
[warn] !  functions: The following emulators are not running, calls to these services from the Functions emulator will affect production: auth, firestore, database, hosting, pubsub, storage, dataconnect {"metadata":{"emulator":{"name":"functions"},"message":"The following emulators are not running, calls to these services from the Functions emulator will affect production: \u001b[1mauth, firestore, database, hosting, pubsub, storage, dataconnect\u001b[22m"}}
[debug] [2024-10-05T12:23:11.051Z] defaultcredentials: writing to file C:\Users\TEDDY COMPUTER\AppData\Roaming\firebase\gashawsissay_gmail_com_application_default_credentials.json
[debug] [2024-10-05T12:23:11.062Z] Setting GAC to C:\Users\TEDDY COMPUTER\AppData\Roaming\firebase\gashawsissay_gmail_com_application_default_credentials.json {"metadata":{"emulator":{"name":"functions"},"message":"Setting GAC to C:\\Users\\TEDDY COMPUTER\\AppData\\Roaming\\firebase\\gashawsissay_gmail_com_application_default_credentials.json"}}
[debug] [2024-10-05T12:23:11.064Z] Checked if tokens are valid: false, expires at: 1728088191864
[debug] [2024-10-05T12:23:11.065Z] Checked if tokens are valid: false, expires at: 1728088191864
[debug] [2024-10-05T12:23:11.065Z] > refreshing access token with scopes: []
[debug] [2024-10-05T12:23:11.074Z] >>> [apiv2][query] POST https://www.googleapis.com/oauth2/v3/token [none]
[debug] [2024-10-05T12:23:11.075Z] >>> [apiv2][body] POST https://www.googleapis.com/oauth2/v3/token [omitted]
[debug] [2024-10-05T12:23:12.928Z] <<< [apiv2][status] POST https://www.googleapis.com/oauth2/v3/token 200
[debug] [2024-10-05T12:23:12.929Z] <<< [apiv2][body] POST https://www.googleapis.com/oauth2/v3/token [omitted]
[debug] [2024-10-05T12:23:13.008Z] >>> [apiv2][query] GET https://firebase.googleapis.com/v1beta1/projects/gashaw-183a2/adminSdkConfig [none]
[debug] [2024-10-05T12:23:13.938Z] <<< [apiv2][status] GET https://firebase.googleapis.com/v1beta1/projects/gashaw-183a2/adminSdkConfig 200
[debug] [2024-10-05T12:23:13.939Z] <<< [apiv2][body] GET https://firebase.googleapis.com/v1beta1/projects/gashaw-183a2/adminSdkConfig {"projectId":"gashaw-183a2","storageBucket":"gashaw-183a2.appspot.com"}
[debug] [2024-10-05T12:23:14.077Z] Ignoring unsupported arg: auto_download {"metadata":{"emulator":{"name":"ui"},"message":"Ignoring unsupported arg: auto_download"}}
[debug] [2024-10-05T12:23:14.078Z] Ignoring unsupported arg: port {"metadata":{"emulator":{"name":"ui"},"message":"Ignoring unsupported arg: port"}}
[debug] [2024-10-05T12:23:14.079Z] Starting Emulator UI with command {"binary":"node","args":["C:\\Users\\TEDDY COMPUTER\\.cache\\firebase\\emulators\\ui-v1.13.0\\server\\server.mjs"],"optionalArgs":[],"joinArgs":false,"shell":false,"port":4000} {"metadata":{"emulator":{"name":"ui"},"message":"Starting Emulator UI with command {\"binary\":\"node\",\"args\":[\"C:\\\\Users\\\\TEDDY COMPUTER\\\\.cache\\\\firebase\\\\emulators\\\\ui-v1.13.0\\\\server\\\\server.mjs\"],\"optionalArgs\":[],\"joinArgs\":false,\"shell\":false,\"port\":4000}"}}
[info] i  ui: Emulator UI logging to ui-debug.log {"metadata":{"emulator":{"name":"ui"},"message":"Emulator UI logging to \u001b[1mui-debug.log\u001b[22m"}}
[debug] [2024-10-05T12:23:14.530Z] Web / API server started at 127.0.0.1:4000
 {"metadata":{"emulator":{"name":"ui"},"message":"Web / API server started at 127.0.0.1:4000\n"}}
[debug] [2024-10-05T12:23:14.530Z] Web / API server started at ::1:4000
 {"metadata":{"emulator":{"name":"ui"},"message":"Web / API server started at ::1:4000\n"}}
[info] i  functions: Watching "C:\Users\TEDDY COMPUTER\Desktop\EVANDADII\PHASE -4\amazon-project\amazon-gashaw\gashaw_amazon\functions" for Cloud Functions... {"metadata":{"emulator":{"name":"functions"},"message":"Watching \"C:\\Users\\TEDDY COMPUTER\\Desktop\\EVANDADII\\PHASE -4\\amazon-project\\amazon-gashaw\\gashaw_amazon\\functions\" for Cloud Functions..."}}
[debug] [2024-10-05T12:23:14.584Z] Validating nodejs source
[debug] [2024-10-05T12:23:16.762Z] > [functions] package.json contents: {
  "name": "functions",
  "description": "Cloud Functions for Firebase",
  "scripts": {
    "serve": "firebase emulators:start --only functions",
    "shell": "firebase functions:shell",
    "start": "npm run shell",
    "deploy": "firebase deploy --only functions",
    "logs": "firebase functions:log"
  },
  "engines": {
    "node": "18"
  },
  "main": "index.js",
  "dependencies": {
    "cors": "^2.8.5",
    "dotenv": "^16.4.5",
    "express": "^4.21.0",
    "firebase-admin": "^12.1.0",
    "firebase-functions": "^6.0.1",
    "stripe": "^17.0.0"
  },
  "devDependencies": {
    "firebase-functions-test": "^3.1.0"
  },
  "private": true
}
[debug] [2024-10-05T12:23:16.763Z] Building nodejs source
[debug] [2024-10-05T12:23:16.765Z] Failed to find version of module node: reached end of search path C:\Users\TEDDY COMPUTER\Desktop\EVANDADII\PHASE -4\amazon-project\amazon-gashaw\gashaw_amazon\functions\node_modules
[warn] !  functions: Your requested "node" version "18" doesn't match your global version "22". Using node@22 from host. 
[info] i  functions: Loaded environment variables from .env. 
[debug] [2024-10-05T12:23:16.774Z] Could not find functions.yaml. Must use http discovery
[debug] [2024-10-05T12:23:16.810Z] Found firebase-functions binary at 'C:\Users\TEDDY COMPUTER\Desktop\EVANDADII\PHASE -4\amazon-project\amazon-gashaw\gashaw_amazon\functions\node_modules\.bin\firebase-functions'
[info] Serving at port 8644

[debug] [2024-10-05T12:23:23.281Z] Got response from /__/functions.yaml {"endpoints":{"api":{"availableMemoryMb":null,"timeoutSeconds":null,"minInstances":null,"maxInstances":null,"ingressSettings":null,"concurrency":null,"serviceAccountEmail":null,"vpc":null,"platform":"gcfv2","labels":{},"httpsTrigger":{},"entryPoint":"api"}},"specVersion":"v1alpha1","requiredAPIs":[],"extensions":{}}
[info] +  functions: Loaded functions definitions from source: api. {"metadata":{"emulator":{"name":"functions"},"message":"Loaded functions definitions from source: api."}}
[info] +  functions[us-central1-api]: http function initialized (http://127.0.0.1:5001/gashaw-183a2/us-central1/api). {"metadata":{"emulator":{"name":"functions"},"message":"\u001b[1mhttp\u001b[22m function initialized (http://127.0.0.1:5001/gashaw-183a2/us-central1/api)."}}
[debug] [2024-10-05T12:23:28.411Z] Could not find VSCode notification endpoint: FetchError: request to http://localhost:40001/vscode/notify failed, reason: 
[info] 
┌─────────────────────────────────────────────────────────────┐
│ ✔  All emulators ready! It is now safe to connect your app. │
│ i  View Emulator UI at http://127.0.0.1:4000/               │
└─────────────────────────────────────────────────────────────┘

┌───────────┬────────────────┬─────────────────────────────────┐
│ Emulator  │ Host:Port      │ View in Emulator UI             │
├───────────┼────────────────┼─────────────────────────────────┤
│ Functions │ 127.0.0.1:5001 │ http://127.0.0.1:4000/functions │
└───────────┴────────────────┴─────────────────────────────────┘
  Emulator Hub running at 127.0.0.1:4400
  Other reserved ports: 4500

Issues? Report them at https://github.com/firebase/firebase-tools/issues and attach the *-debug.log files.
 
[debug] [2024-10-05T12:23:52.183Z] [work-queue] {"queuedWork":["/gashaw-183a2/us-central1/api-2024-10-05T12:23:52.183Z"],"queueLength":1,"runningWork":[],"workRunningCount":0}
[debug] [2024-10-05T12:23:52.184Z] [work-queue] {"queuedWork":[],"queueLength":0,"runningWork":["/gashaw-183a2/us-central1/api-2024-10-05T12:23:52.183Z"],"workRunningCount":1}
[debug] [2024-10-05T12:23:52.185Z] Accepted request GET /gashaw-183a2/us-central1/api --> us-central1-api
[debug] [2024-10-05T12:23:52.196Z] [functions] Runtime ready! Sending request! {"metadata":{"emulator":{"name":"functions"},"message":"[functions] Runtime ready! Sending request!"}}
[debug] [2024-10-05T12:23:52.198Z] [functions] Got req.url=/gashaw-183a2/us-central1/api, mapping to path=/ {"metadata":{"emulator":{"name":"functions"},"message":"[functions] Got req.url=/gashaw-183a2/us-central1/api, mapping to path=/"}}
[info] i  functions: Loaded environment variables from .env. 
[debug] [2024-10-05T12:23:52.300Z] [worker-pool] addWorker(us-central1-api) {"metadata":{"emulator":{"name":"functions"},"message":"[worker-pool] addWorker(us-central1-api)"}}
[debug] [2024-10-05T12:23:52.302Z] [worker-pool] Adding worker with key us-central1-api, total=1 {"metadata":{"emulator":{"name":"functions"},"message":"[worker-pool] Adding worker with key us-central1-api, total=1"}}
[info] >  (node:3156) [DEP0040] DeprecationWarning: The `punycode` module is deprecated. Please use a userland alternative instead. {"user":"(node:3156) [DEP0040] DeprecationWarning: The `punycode` module is deprecated. Please use a userland alternative instead.","metadata":{"emulator":{"name":"functions"},"function":{"name":"us-central1-api"},"extension":{},"message":"\u001b[90m> \u001b[39m (node:3156) [DEP0040] DeprecationWarning: The `punycode` module is deprecated. Please use a userland alternative instead."}}
[info] >  (Use `node --trace-deprecation ...` to show where the warning was created) {"user":"(Use `node --trace-deprecation ...` to show where the warning was created)","metadata":{"emulator":{"name":"functions"},"function":{"name":"us-central1-api"},"extension":{},"message":"\u001b[90m> \u001b[39m (Use `node --trace-deprecation ...` to show where the warning was created)"}}
[debug] [2024-10-05T12:23:55.732Z] [runtime-status] [3156] Resolved module firebase-admin {"declared":true,"installed":true,"version":"12.6.0","resolution":"C:\\Users\\TEDDY COMPUTER\\Desktop\\EVANDADII\\PHASE -4\\amazon-project\\amazon-gashaw\\gashaw_amazon\\functions\\node_modules\\firebase-admin\\lib\\index.js"} {"metadata":{"emulator":{"name":"functions"},"function":{"name":"us-central1-api"},"extension":{},"message":"[runtime-status] [3156] Resolved module firebase-admin {\"declared\":true,\"installed\":true,\"version\":\"12.6.0\",\"resolution\":\"C:\\\\Users\\\\TEDDY COMPUTER\\\\Desktop\\\\EVANDADII\\\\PHASE -4\\\\amazon-project\\\\amazon-gashaw\\\\gashaw_amazon\\\\functions\\\\node_modules\\\\firebase-admin\\\\lib\\\\index.js\"}"}}
[debug] [2024-10-05T12:23:55.740Z] [runtime-status] [3156] Resolved module firebase-functions {"declared":true,"installed":true,"version":"6.0.1","resolution":"C:\\Users\\TEDDY COMPUTER\\Desktop\\EVANDADII\\PHASE -4\\amazon-project\\amazon-gashaw\\gashaw_amazon\\functions\\node_modules\\firebase-functions\\lib\\v2\\index.js"} {"metadata":{"emulator":{"name":"functions"},"function":{"name":"us-central1-api"},"extension":{},"message":"[runtime-status] [3156] Resolved module firebase-functions {\"declared\":true,\"installed\":true,\"version\":\"6.0.1\",\"resolution\":\"C:\\\\Users\\\\TEDDY COMPUTER\\\\Desktop\\\\EVANDADII\\\\PHASE -4\\\\amazon-project\\\\amazon-gashaw\\\\gashaw_amazon\\\\functions\\\\node_modules\\\\firebase-functions\\\\lib\\\\v2\\\\index.js\"}"}}
[debug] [2024-10-05T12:23:55.742Z] [runtime-status] [3156] Outgoing network have been stubbed. [{"name":"http","status":"mocked"},{"name":"http","status":"mocked"},{"name":"https","status":"mocked"},{"name":"https","status":"mocked"},{"name":"net","status":"mocked"}] {"metadata":{"emulator":{"name":"functions"},"function":{"name":"us-central1-api"},"extension":{},"message":"[runtime-status] [3156] Outgoing network have been stubbed. [{\"name\":\"http\",\"status\":\"mocked\"},{\"name\":\"http\",\"status\":\"mocked\"},{\"name\":\"https\",\"status\":\"mocked\"},{\"name\":\"https\",\"status\":\"mocked\"},{\"name\":\"net\",\"status\":\"mocked\"}]"}}
[debug] [2024-10-05T12:23:55.745Z] [runtime-status] [3156] Resolved module firebase-functions {"declared":true,"installed":true,"version":"6.0.1","resolution":"C:\\Users\\TEDDY COMPUTER\\Desktop\\EVANDADII\\PHASE -4\\amazon-project\\amazon-gashaw\\gashaw_amazon\\functions\\node_modules\\firebase-functions\\lib\\v2\\index.js"} {"metadata":{"emulator":{"name":"functions"},"function":{"name":"us-central1-api"},"extension":{},"message":"[runtime-status] [3156] Resolved module firebase-functions {\"declared\":true,\"installed\":true,\"version\":\"6.0.1\",\"resolution\":\"C:\\\\Users\\\\TEDDY COMPUTER\\\\Desktop\\\\EVANDADII\\\\PHASE -4\\\\amazon-project\\\\amazon-gashaw\\\\gashaw_amazon\\\\functions\\\\node_modules\\\\firebase-functions\\\\lib\\\\v2\\\\index.js\"}"}}
[debug] [2024-10-05T12:23:59.366Z] [runtime-status] [3156] Checked functions.config() {"config":{}} {"metadata":{"emulator":{"name":"functions"},"function":{"name":"us-central1-api"},"extension":{},"message":"[runtime-status] [3156] Checked functions.config() {\"config\":{}}"}}
[debug] [2024-10-05T12:23:59.367Z] [runtime-status] [3156] firebase-functions has been stubbed. {"functionsResolution":{"declared":true,"installed":true,"version":"6.0.1","resolution":"C:\\Users\\TEDDY COMPUTER\\Desktop\\EVANDADII\\PHASE -4\\amazon-project\\amazon-gashaw\\gashaw_amazon\\functions\\node_modules\\firebase-functions\\lib\\v2\\index.js"}} {"metadata":{"emulator":{"name":"functions"},"function":{"name":"us-central1-api"},"extension":{},"message":"[runtime-status] [3156] firebase-functions has been stubbed. {\"functionsResolution\":{\"declared\":true,\"installed\":true,\"version\":\"6.0.1\",\"resolution\":\"C:\\\\Users\\\\TEDDY COMPUTER\\\\Desktop\\\\EVANDADII\\\\PHASE -4\\\\amazon-project\\\\amazon-gashaw\\\\gashaw_amazon\\\\functions\\\\node_modules\\\\firebase-functions\\\\lib\\\\v2\\\\index.js\"}}"}}
[debug] [2024-10-05T12:23:59.371Z] [runtime-status] [3156] Resolved module firebase-functions {"declared":true,"installed":true,"version":"6.0.1","resolution":"C:\\Users\\TEDDY COMPUTER\\Desktop\\EVANDADII\\PHASE -4\\amazon-project\\amazon-gashaw\\gashaw_amazon\\functions\\node_modules\\firebase-functions\\lib\\v2\\index.js"} {"metadata":{"emulator":{"name":"functions"},"function":{"name":"us-central1-api"},"extension":{},"message":"[runtime-status] [3156] Resolved module firebase-functions {\"declared\":true,\"installed\":true,\"version\":\"6.0.1\",\"resolution\":\"C:\\\\Users\\\\TEDDY COMPUTER\\\\Desktop\\\\EVANDADII\\\\PHASE -4\\\\amazon-project\\\\amazon-gashaw\\\\gashaw_amazon\\\\functions\\\\node_modules\\\\firebase-functions\\\\lib\\\\v2\\\\index.js\"}"}}
[debug] [2024-10-05T12:23:59.446Z] [runtime-status] [3156] Resolved module firebase-admin {"declared":true,"installed":true,"version":"12.6.0","resolution":"C:\\Users\\TEDDY COMPUTER\\Desktop\\EVANDADII\\PHASE -4\\amazon-project\\amazon-gashaw\\gashaw_amazon\\functions\\node_modules\\firebase-admin\\lib\\index.js"} {"metadata":{"emulator":{"name":"functions"},"function":{"name":"us-central1-api"},"extension":{},"message":"[runtime-status] [3156] Resolved module firebase-admin {\"declared\":true,\"installed\":true,\"version\":\"12.6.0\",\"resolution\":\"C:\\\\Users\\\\TEDDY COMPUTER\\\\Desktop\\\\EVANDADII\\\\PHASE -4\\\\amazon-project\\\\amazon-gashaw\\\\gashaw_amazon\\\\functions\\\\node_modules\\\\firebase-admin\\\\lib\\\\index.js\"}"}}
[debug] [2024-10-05T12:23:59.583Z] [runtime-status] [3156] Resolved module firebase-functions {"declared":true,"installed":true,"version":"6.0.1","resolution":"C:\\Users\\TEDDY COMPUTER\\Desktop\\EVANDADII\\PHASE -4\\amazon-project\\amazon-gashaw\\gashaw_amazon\\functions\\node_modules\\firebase-functions\\lib\\v2\\index.js"} {"metadata":{"emulator":{"name":"functions"},"function":{"name":"us-central1-api"},"extension":{},"message":"[runtime-status] [3156] Resolved module firebase-functions {\"declared\":true,\"installed\":true,\"version\":\"6.0.1\",\"resolution\":\"C:\\\\Users\\\\TEDDY COMPUTER\\\\Desktop\\\\EVANDADII\\\\PHASE -4\\\\amazon-project\\\\amazon-gashaw\\\\gashaw_amazon\\\\functions\\\\node_modules\\\\firebase-functions\\\\lib\\\\v2\\\\index.js\"}"}}
[debug] [2024-10-05T12:23:59.584Z] [runtime-status] [3156] firebase-admin has been stubbed. {"adminResolution":{"declared":true,"installed":true,"version":"12.6.0","resolution":"C:\\Users\\TEDDY COMPUTER\\Desktop\\EVANDADII\\PHASE -4\\amazon-project\\amazon-gashaw\\gashaw_amazon\\functions\\node_modules\\firebase-admin\\lib\\index.js"}} {"metadata":{"emulator":{"name":"functions"},"function":{"name":"us-central1-api"},"extension":{},"message":"[runtime-status] [3156] firebase-admin has been stubbed. {\"adminResolution\":{\"declared\":true,\"installed\":true,\"version\":\"12.6.0\",\"resolution\":\"C:\\\\Users\\\\TEDDY COMPUTER\\\\Desktop\\\\EVANDADII\\\\PHASE -4\\\\amazon-project\\\\amazon-gashaw\\\\gashaw_amazon\\\\functions\\\\node_modules\\\\firebase-admin\\\\lib\\\\index.js\"}}"}}
[debug] [2024-10-05T12:23:59.969Z] [runtime-status] [3156] Functions runtime initialized. {"cwd":"C:\\Users\\TEDDY COMPUTER\\Desktop\\EVANDADII\\PHASE -4\\amazon-project\\amazon-gashaw\\gashaw_amazon\\functions","node_version":"22.1.0"} {"metadata":{"emulator":{"name":"functions"},"function":{"name":"us-central1-api"},"extension":{},"message":"[runtime-status] [3156] Functions runtime initialized. {\"cwd\":\"C:\\\\Users\\\\TEDDY COMPUTER\\\\Desktop\\\\EVANDADII\\\\PHASE -4\\\\amazon-project\\\\amazon-gashaw\\\\gashaw_amazon\\\\functions\",\"node_version\":\"22.1.0\"}"}}
[debug] [2024-10-05T12:23:59.970Z] [runtime-status] [3156] Listening to port: \\?\pipe\fire_emu_278a52648c2720b4 {"metadata":{"emulator":{"name":"functions"},"function":{"name":"us-central1-api"},"extension":{},"message":"[runtime-status] [3156] Listening to port: \\\\?\\pipe\\fire_emu_278a52648c2720b4"}}
[debug] [2024-10-05T12:24:00.096Z] [worker-us-central1-api-400c230c-4764-43a6-bd9b-2d8e106f28ae]: IDLE {"metadata":{"emulator":{"name":"functions"},"function":{"name":"us-central1-api"},"extension":{},"message":"[worker-us-central1-api-400c230c-4764-43a6-bd9b-2d8e106f28ae]: IDLE"}}
[debug] [2024-10-05T12:24:00.098Z] [worker-pool] submitRequest(triggerId=us-central1-api) {"metadata":{"emulator":{"name":"functions"},"message":"[worker-pool] submitRequest(triggerId=us-central1-api)"}}
[info] i  functions: Beginning execution of "us-central1-api" {"metadata":{"emulator":{"name":"functions"},"function":{"name":"us-central1-api"},"extension":{},"message":"Beginning execution of \"us-central1-api\""}}
[debug] [2024-10-05T12:24:00.101Z] [worker-us-central1-api-400c230c-4764-43a6-bd9b-2d8e106f28ae]: BUSY {"metadata":{"emulator":{"name":"functions"},"function":{"name":"us-central1-api"},"extension":{},"message":"[worker-us-central1-api-400c230c-4764-43a6-bd9b-2d8e106f28ae]: BUSY"}}
[debug] [2024-10-05T12:24:00.123Z] Finishing up request with event=pause {"metadata":{"emulator":{"name":"functions"},"function":{"name":"us-central1-api"},"extension":{},"message":"Finishing up request with event=pause"}}
[info] i  functions: Finished "us-central1-api" in 22.5547ms {"metadata":{"emulator":{"name":"functions"},"function":{"name":"us-central1-api"},"extension":{},"message":"Finished \"us-central1-api\" in 22.5547ms"}}
[debug] [2024-10-05T12:24:00.126Z] [worker-us-central1-api-400c230c-4764-43a6-bd9b-2d8e106f28ae]: IDLE {"metadata":{"emulator":{"name":"functions"},"function":{"name":"us-central1-api"},"extension":{},"message":"[worker-us-central1-api-400c230c-4764-43a6-bd9b-2d8e106f28ae]: IDLE"}}
[debug] [2024-10-05T12:24:00.126Z] Finishing up request with event=finish {"metadata":{"emulator":{"name":"functions"},"function":{"name":"us-central1-api"},"extension":{},"message":"Finishing up request with event=finish"}}
[debug] [2024-10-05T12:24:00.127Z] Finishing up request with event=close {"metadata":{"emulator":{"name":"functions"},"function":{"name":"us-central1-api"},"extension":{},"message":"Finishing up request with event=close"}}
[debug] [2024-10-05T12:24:00.128Z] [work-queue] {"queuedWork":[],"queueLength":0,"runningWork":[],"workRunningCount":0}
[debug] [2024-10-05T12:24:00.281Z] Functions emulator received unknown request at path /favicon.ico
[debug] [2024-10-05T12:28:28.890Z] File C:\Users\TEDDY COMPUTER\Desktop\EVANDADII\PHASE -4\amazon-project\amazon-gashaw\gashaw_amazon\functions\package.json changed, reloading triggers {"metadata":{"emulator":{"name":"functions"},"message":"File C:\\Users\\TEDDY COMPUTER\\Desktop\\EVANDADII\\PHASE -4\\amazon-project\\amazon-gashaw\\gashaw_amazon\\functions\\package.json changed, reloading triggers"}}
[debug] [2024-10-05T12:28:29.455Z] File C:\Users\TEDDY COMPUTER\Desktop\EVANDADII\PHASE -4\amazon-project\amazon-gashaw\gashaw_amazon\functions\package-lock.json changed, reloading triggers {"metadata":{"emulator":{"name":"functions"},"message":"File C:\\Users\\TEDDY COMPUTER\\Desktop\\EVANDADII\\PHASE -4\\amazon-project\\amazon-gashaw\\gashaw_amazon\\functions\\package-lock.json changed, reloading triggers"}}
[debug] [2024-10-05T12:28:30.465Z] Validating nodejs source
[debug] [2024-10-05T12:28:32.994Z] > [functions] package.json contents: {
  "name": "functions",
  "description": "Cloud Functions for Firebase",
  "scripts": {
    "serve": "firebase emulators:start --only functions",
    "shell": "firebase functions:shell",
    "start": "npm run shell",
    "deploy": "firebase deploy --only functions",
    "logs": "firebase functions:log"
  },
  "engines": {
    "node": "18"
  },
  "main": "index.js",
  "dependencies": {
    "axios": "^1.7.7",
    "cors": "^2.8.5",
    "dotenv": "^16.4.5",
    "express": "^4.21.0",
    "firebase-admin": "^12.1.0",
    "firebase-functions": "^6.0.1",
    "stripe": "^17.0.0"
  },
  "devDependencies": {
    "firebase-functions-test": "^3.1.0"
  },
  "private": true
}
[debug] [2024-10-05T12:28:32.994Z] Building nodejs source
[debug] [2024-10-05T12:28:32.994Z] Failed to find version of module node: reached end of search path C:\Users\TEDDY COMPUTER\Desktop\EVANDADII\PHASE -4\amazon-project\amazon-gashaw\gashaw_amazon\functions\node_modules
[warn] !  functions: Your requested "node" version "18" doesn't match your global version "22". Using node@22 from host. 
[info] i  functions: Loaded environment variables from .env. 
[debug] [2024-10-05T12:28:32.997Z] Could not find functions.yaml. Must use http discovery
[debug] [2024-10-05T12:28:33.005Z] Found firebase-functions binary at 'C:\Users\TEDDY COMPUTER\Desktop\EVANDADII\PHASE -4\amazon-project\amazon-gashaw\gashaw_amazon\functions\node_modules\.bin\firebase-functions'
[info] Serving at port 8669

[debug] [2024-10-05T12:28:33.809Z] Got response from /__/functions.yaml {"endpoints":{"api":{"availableMemoryMb":null,"timeoutSeconds":null,"minInstances":null,"maxInstances":null,"ingressSettings":null,"concurrency":null,"serviceAccountEmail":null,"vpc":null,"platform":"gcfv2","labels":{},"httpsTrigger":{},"entryPoint":"api"}},"specVersion":"v1alpha1","requiredAPIs":[],"extensions":{}}
[info] +  functions: Loaded functions definitions from source: api. {"metadata":{"emulator":{"name":"functions"},"message":"Loaded functions definitions from source: api."}}
[debug] [2024-10-05T12:28:38.892Z] [worker-pool] Shutting down IDLE worker (us-central1-api) {"metadata":{"emulator":{"name":"functions"},"message":"[worker-pool] Shutting down IDLE worker (us-central1-api)"}}
[debug] [2024-10-05T12:28:38.892Z] [worker-us-central1-api-400c230c-4764-43a6-bd9b-2d8e106f28ae]: FINISHING {"metadata":{"emulator":{"name":"functions"},"function":{"name":"us-central1-api"},"extension":{},"message":"[worker-us-central1-api-400c230c-4764-43a6-bd9b-2d8e106f28ae]: FINISHING"}}
[debug] [2024-10-05T12:28:38.948Z] [worker-us-central1-api-400c230c-4764-43a6-bd9b-2d8e106f28ae]: exited {"metadata":{"emulator":{"name":"functions"},"function":{"name":"us-central1-api"},"extension":{},"message":"[worker-us-central1-api-400c230c-4764-43a6-bd9b-2d8e106f28ae]: exited"}}
[debug] [2024-10-05T12:28:38.951Z] [worker-us-central1-api-400c230c-4764-43a6-bd9b-2d8e106f28ae]: FINISHED {"metadata":{"emulator":{"name":"functions"},"function":{"name":"us-central1-api"},"extension":{},"message":"[worker-us-central1-api-400c230c-4764-43a6-bd9b-2d8e106f28ae]: FINISHED"}}
[debug] [2024-10-05T20:15:50.796Z] ----------------------------------------------------------------------
[debug] [2024-10-05T20:15:50.816Z] Command:       C:\Program Files\nodejs\node.exe C:\Users\TEDDY COMPUTER\AppData\Roaming\npm\node_modules\firebase-tools\lib\bin\firebase.js emulators:start --only functions
[debug] [2024-10-05T20:15:50.820Z] CLI Version:   13.20.2
[debug] [2024-10-05T20:15:50.821Z] Platform:      win32
[debug] [2024-10-05T20:15:50.822Z] Node Version:  v22.1.0
[debug] [2024-10-05T20:15:50.824Z] Time:          Sat Oct 05 2024 12:15:50 GMT-0800 (GMT-08:00)
[debug] [2024-10-05T20:15:50.825Z] ----------------------------------------------------------------------
[debug] 
[debug] [2024-10-05T20:15:51.337Z] > command requires scopes: ["email","openid","https://www.googleapis.com/auth/cloudplatformprojects.readonly","https://www.googleapis.com/auth/firebase","https://www.googleapis.com/auth/cloud-platform"]
[debug] [2024-10-05T20:15:51.337Z] > authorizing via signed-in user (gashawsissay@gmail.com)
[info] i  emulators: Starting emulators: functions {"metadata":{"emulator":{"name":"hub"},"message":"Starting emulators: functions"}}
[debug] [2024-10-05T20:15:51.366Z] [logging] Logging Emulator only supports listening on one address (127.0.0.1). Not listening on ::1
[debug] [2024-10-05T20:15:51.366Z] assigned listening specs for emulators {"user":{"hub":[{"address":"127.0.0.1","family":"IPv4","port":4400},{"address":"::1","family":"IPv6","port":4400}],"ui":[{"address":"127.0.0.1","family":"IPv4","port":4000},{"address":"::1","family":"IPv6","port":4000}],"logging":[{"address":"127.0.0.1","family":"IPv4","port":4500}]},"metadata":{"message":"assigned listening specs for emulators"}}
[warn] !  emulators: It seems that you are running multiple instances of the emulator suite for project gashaw-183a2. This may result in unexpected behavior. 
[debug] [2024-10-05T20:15:51.383Z] [hub] writing locator at C:\Users\TEDDYC~1\AppData\Local\Temp\hub-gashaw-183a2.json
[debug] [2024-10-05T20:15:51.502Z] [functions] Functions Emulator only supports listening on one address (127.0.0.1). Not listening on ::1
[debug] [2024-10-05T20:15:51.502Z] [eventarc] Eventarc Emulator only supports listening on one address (127.0.0.1). Not listening on ::1
[debug] [2024-10-05T20:15:51.502Z] [tasks] Cloud Tasks Emulator only supports listening on one address (127.0.0.1). Not listening on ::1
[debug] [2024-10-05T20:15:51.502Z] late-assigned ports for functions and eventarc emulators {"user":{"hub":[{"address":"127.0.0.1","family":"IPv4","port":4400},{"address":"::1","family":"IPv6","port":4400}],"ui":[{"address":"127.0.0.1","family":"IPv4","port":4000},{"address":"::1","family":"IPv6","port":4000}],"logging":[{"address":"127.0.0.1","family":"IPv4","port":4500}],"functions":[{"address":"127.0.0.1","family":"IPv4","port":5001}],"eventarc":[{"address":"127.0.0.1","family":"IPv4","port":9299}],"tasks":[{"address":"127.0.0.1","family":"IPv4","port":9499}]},"metadata":{"message":"late-assigned ports for functions and eventarc emulators"}}
[warn] !  functions: The following emulators are not running, calls to these services from the Functions emulator will affect production: auth, firestore, database, hosting, pubsub, storage, dataconnect {"metadata":{"emulator":{"name":"functions"},"message":"The following emulators are not running, calls to these services from the Functions emulator will affect production: \u001b[1mauth, firestore, database, hosting, pubsub, storage, dataconnect\u001b[22m"}}
[debug] [2024-10-05T20:15:51.522Z] defaultcredentials: writing to file C:\Users\TEDDY COMPUTER\AppData\Roaming\firebase\gashawsissay_gmail_com_application_default_credentials.json
[debug] [2024-10-05T20:15:51.536Z] Setting GAC to C:\Users\TEDDY COMPUTER\AppData\Roaming\firebase\gashawsissay_gmail_com_application_default_credentials.json {"metadata":{"emulator":{"name":"functions"},"message":"Setting GAC to C:\\Users\\TEDDY COMPUTER\\AppData\\Roaming\\firebase\\gashawsissay_gmail_com_application_default_credentials.json"}}
[debug] [2024-10-05T20:15:51.539Z] Checked if tokens are valid: false, expires at: 1728134591929
[debug] [2024-10-05T20:15:51.539Z] Checked if tokens are valid: false, expires at: 1728134591929
[debug] [2024-10-05T20:15:51.540Z] > refreshing access token with scopes: []
[debug] [2024-10-05T20:15:51.548Z] >>> [apiv2][query] POST https://www.googleapis.com/oauth2/v3/token [none]
[debug] [2024-10-05T20:15:51.548Z] >>> [apiv2][body] POST https://www.googleapis.com/oauth2/v3/token [omitted]
[debug] [2024-10-05T20:15:52.380Z] <<< [apiv2][status] POST https://www.googleapis.com/oauth2/v3/token 200
[debug] [2024-10-05T20:15:52.381Z] <<< [apiv2][body] POST https://www.googleapis.com/oauth2/v3/token [omitted]
[debug] [2024-10-05T20:15:52.473Z] >>> [apiv2][query] GET https://firebase.googleapis.com/v1beta1/projects/gashaw-183a2/adminSdkConfig [none]
[debug] [2024-10-05T20:15:53.397Z] <<< [apiv2][status] GET https://firebase.googleapis.com/v1beta1/projects/gashaw-183a2/adminSdkConfig 200
[debug] [2024-10-05T20:15:53.398Z] <<< [apiv2][body] GET https://firebase.googleapis.com/v1beta1/projects/gashaw-183a2/adminSdkConfig {"projectId":"gashaw-183a2","storageBucket":"gashaw-183a2.appspot.com"}
[debug] [2024-10-05T20:15:53.550Z] Ignoring unsupported arg: auto_download {"metadata":{"emulator":{"name":"ui"},"message":"Ignoring unsupported arg: auto_download"}}
[debug] [2024-10-05T20:15:53.551Z] Ignoring unsupported arg: port {"metadata":{"emulator":{"name":"ui"},"message":"Ignoring unsupported arg: port"}}
[debug] [2024-10-05T20:15:53.551Z] Starting Emulator UI with command {"binary":"node","args":["C:\\Users\\TEDDY COMPUTER\\.cache\\firebase\\emulators\\ui-v1.13.0\\server\\server.mjs"],"optionalArgs":[],"joinArgs":false,"shell":false,"port":4000} {"metadata":{"emulator":{"name":"ui"},"message":"Starting Emulator UI with command {\"binary\":\"node\",\"args\":[\"C:\\\\Users\\\\TEDDY COMPUTER\\\\.cache\\\\firebase\\\\emulators\\\\ui-v1.13.0\\\\server\\\\server.mjs\"],\"optionalArgs\":[],\"joinArgs\":false,\"shell\":false,\"port\":4000}"}}
[info] i  ui: Emulator UI logging to ui-debug.log {"metadata":{"emulator":{"name":"ui"},"message":"Emulator UI logging to \u001b[1mui-debug.log\u001b[22m"}}
[debug] [2024-10-05T20:15:54.059Z] Web / API server started at 127.0.0.1:4000
 {"metadata":{"emulator":{"name":"ui"},"message":"Web / API server started at 127.0.0.1:4000\n"}}
[debug] [2024-10-05T20:15:54.060Z] Web / API server started at ::1:4000
 {"metadata":{"emulator":{"name":"ui"},"message":"Web / API server started at ::1:4000\n"}}
[info] i  functions: Watching "C:\Users\TEDDY COMPUTER\Desktop\EVANDADII\PHASE -4\amazon-project\amazon-gashaw\gashaw_amazon\functions" for Cloud Functions... {"metadata":{"emulator":{"name":"functions"},"message":"Watching \"C:\\Users\\TEDDY COMPUTER\\Desktop\\EVANDADII\\PHASE -4\\amazon-project\\amazon-gashaw\\gashaw_amazon\\functions\" for Cloud Functions..."}}
[debug] [2024-10-05T20:15:54.323Z] Validating nodejs source
[debug] [2024-10-05T20:15:58.248Z] > [functions] package.json contents: {
  "name": "functions",
  "description": "Cloud Functions for Firebase",
  "scripts": {
    "serve": "firebase emulators:start --only functions",
    "shell": "firebase functions:shell",
    "start": "npm run shell",
    "deploy": "firebase deploy --only functions",
    "logs": "firebase functions:log"
  },
  "engines": {
    "node": "18"
  },
  "main": "index.js",
  "dependencies": {
    "axios": "^1.7.7",
    "cors": "^2.8.5",
    "dotenv": "^16.4.5",
    "express": "^4.21.0",
    "firebase-admin": "^12.1.0",
    "firebase-functions": "^6.0.1",
    "stripe": "^17.0.0"
  },
  "devDependencies": {
    "firebase-functions-test": "^3.1.0"
  },
  "private": true
}
[debug] [2024-10-05T20:15:58.249Z] Building nodejs source
[debug] [2024-10-05T20:15:58.250Z] Failed to find version of module node: reached end of search path C:\Users\TEDDY COMPUTER\Desktop\EVANDADII\PHASE -4\amazon-project\amazon-gashaw\gashaw_amazon\functions\node_modules
[warn] !  functions: Your requested "node" version "18" doesn't match your global version "22". Using node@22 from host. 
[info] i  functions: Loaded environment variables from .env. 
[debug] [2024-10-05T20:15:58.260Z] Could not find functions.yaml. Must use http discovery
[debug] [2024-10-05T20:15:58.295Z] Found firebase-functions binary at 'C:\Users\TEDDY COMPUTER\Desktop\EVANDADII\PHASE -4\amazon-project\amazon-gashaw\gashaw_amazon\functions\node_modules\.bin\firebase-functions'
[info] Serving at port 8215

[debug] [2024-10-05T20:16:04.768Z] Got response from /__/functions.yaml {"endpoints":{"api":{"availableMemoryMb":null,"timeoutSeconds":null,"minInstances":null,"maxInstances":null,"ingressSettings":null,"concurrency":null,"serviceAccountEmail":null,"vpc":null,"platform":"gcfv2","labels":{},"httpsTrigger":{},"entryPoint":"api"}},"specVersion":"v1alpha1","requiredAPIs":[],"extensions":{}}
[info] +  functions: Loaded functions definitions from source: api. {"metadata":{"emulator":{"name":"functions"},"message":"Loaded functions definitions from source: api."}}
[info] +  functions[us-central1-api]: http function initialized (http://127.0.0.1:5001/gashaw-183a2/us-central1/api). {"metadata":{"emulator":{"name":"functions"},"message":"\u001b[1mhttp\u001b[22m function initialized (http://127.0.0.1:5001/gashaw-183a2/us-central1/api)."}}
[debug] [2024-10-05T20:16:09.926Z] Could not find VSCode notification endpoint: FetchError: request to http://localhost:40001/vscode/notify failed, reason: 
[info] 
┌─────────────────────────────────────────────────────────────┐
│ ✔  All emulators ready! It is now safe to connect your app. │
│ i  View Emulator UI at http://127.0.0.1:4000/               │
└─────────────────────────────────────────────────────────────┘

┌───────────┬────────────────┬─────────────────────────────────┐
│ Emulator  │ Host:Port      │ View in Emulator UI             │
├───────────┼────────────────┼─────────────────────────────────┤
│ Functions │ 127.0.0.1:5001 │ http://127.0.0.1:4000/functions │
└───────────┴────────────────┴─────────────────────────────────┘
  Emulator Hub running at 127.0.0.1:4400
  Other reserved ports: 4500

Issues? Report them at https://github.com/firebase/firebase-tools/issues and attach the *-debug.log files.
 
[debug] [2024-10-05T20:43:49.650Z] Received signal SIGHUP 1
